#
# A fatal error has been detected by the Java Runtime Environment:
#
#  Internal Error (javaClasses.cpp:136), pid=5548, tid=3728
#  fatal error: Invalid layout of preloaded class
#
# JRE version:  (7.0_51-b13) (build )
# Java VM: Java HotSpot(TM) Client VM (24.51-b03 mixed mode windows-x86 )
# Failed to write core dump. Minidumps are not enabled by default on client versions of Windows
#
# If you would like to submit a bug report, please visit:
#   http://bugreport.sun.com/bugreport/crash.jsp
#

---------------  T H R E A D  ---------------

Current thread (0x01a0bc00):  JavaThread "Unknown thread" [_thread_in_vm, id=3728, stack(0x01230000,0x01280000)]

Stack: [0x01230000,0x01280000],  sp=0x0127f330,  free space=316k
Native frames: (J=compiled Java code, j=interpreted, Vv=VM code, C=native code)
V  [jvm.dll+0x18e0f1]
V  [jvm.dll+0x187e66]
V  [jvm.dll+0x3586a]
V  [jvm.dll+0x358f6]
V  [jvm.dll+0x4400d]
V  [jvm.dll+0x442be]
V  [jvm.dll+0x9263a]
V  [jvm.dll+0x929eb]
V  [jvm.dll+0x13dc51]
V  [jvm.dll+0x16076c]
V  [jvm.dll+0xc8ebf]
C  [javaw.exe+0x13ce]
C  [javaw.exe+0x1e40]
C  [javaw.exe+0xa5b1]
C  [javaw.exe+0xa63b]
C  [kernel32.dll+0x4ed5c]
C  [ntdll.dll+0x637eb]
C  [ntdll.dll+0x637be]


---------------  P R O C E S S  ---------------

Java Threads: ( => current thread )

Other Threads:

=>0x01a0bc00 (exited) JavaThread "Unknown thread" [_thread_in_vm, id=3728, stack(0x01230000,0x01280000)]

VM state:not at safepoint (not fully initialized)

VM Mutex/Monitor currently owned by a thread: None

GC Heap History (0 events):
No events

Deoptimization events (0 events):
No events

Internal exceptions (0 events):
No events

Events (10 events):
Event: 0.013 loading class 0x0191b648 done
Event: 0.013 loading class 0x0191b0d8 done
Event: 0.013 loading class 0x0191b0b8
Event: 0.013 loading class 0x019223e0
Event: 0.013 loading class 0x019223e0 done
Event: 0.013 loading class 0x01922410
Event: 0.013 loading class 0x01922410 done
Event: 0.013 loading class 0x01922440
Event: 0.013 loading class 0x01922440 done
Event: 0.013 loading class 0x0191b0b8 done


Dynamic libraries:
0x012f0000 - 0x0131f000 	D:\Program Files\Java\jdk1.7.0_51\bin\javaw.exe
0x77860000 - 0x7799c000 	C:\windows\SYSTEM32\ntdll.dll
0x770d0000 - 0x771a4000 	C:\windows\system32\kernel32.dll
0x75b70000 - 0x75bbb000 	C:\windows\system32\KERNELBASE.dll
0x77320000 - 0x773c0000 	C:\windows\system32\ADVAPI32.dll
0x77560000 - 0x7760c000 	C:\windows\system32\msvcrt.dll
0x779b0000 - 0x779c9000 	C:\windows\SYSTEM32\sechost.dll
0x77610000 - 0x776b2000 	C:\windows\system32\RPCRT4.dll
0x77250000 - 0x77319000 	C:\windows\system32\USER32.dll
0x763e0000 - 0x7642e000 	C:\windows\system32\GDI32.dll
0x774f0000 - 0x774fa000 	C:\windows\system32\LPK.dll
0x771b0000 - 0x7724d000 	C:\windows\system32\USP10.dll
0x747a0000 - 0x7493e000 	C:\windows\WinSxS\x86_microsoft.windows.common-controls_6595b64144ccf1df_6.0.7601.17514_none_41e6975e2bd6f2b2\COMCTL32.dll
0x77500000 - 0x77557000 	C:\windows\system32\SHLWAPI.dll
0x76160000 - 0x7617f000 	C:\windows\system32\IMM32.DLL
0x77420000 - 0x774ec000 	C:\windows\system32\MSCTF.dll
0x6efb0000 - 0x6f06f000 	D:\Program Files\Java\jdk1.7.0_51\jre\bin\msvcr100.dll
0x63d80000 - 0x64100000 	D:\Program Files\Java\jdk1.7.0_51\jre\bin\client\jvm.dll
0x73660000 - 0x73667000 	C:\windows\system32\WSOCK32.dll
0x76180000 - 0x761b5000 	C:\windows\system32\WS2_32.dll
0x760b0000 - 0x760b6000 	C:\windows\system32\NSI.dll
0x72190000 - 0x721c2000 	C:\windows\system32\WINMM.dll
0x779a0000 - 0x779a5000 	C:\windows\system32\PSAPI.DLL
0x66220000 - 0x6622c000 	D:\Program Files\Java\jdk1.7.0_51\jre\bin\verify.dll
0x65cd0000 - 0x65cf0000 	D:\Program Files\Java\jdk1.7.0_51\jre\bin\java.dll
0x65cb0000 - 0x65cc3000 	D:\Program Files\Java\jdk1.7.0_51\jre\bin\zip.dll
0x71460000 - 0x7154b000 	C:\windows\system32\dbghelp.dll

VM Arguments:
jvm_args: -Dfile.encoding=GBK -Xbootclasspath:D:\adt-bundle-windows-x86-20131030\sdk\platforms\android-19\android.jar 
java_command: com.example.moodlog.junit.Tests
Launcher Type: SUN_STANDARD

Environment Variables:
JAVA_HOME=D:\Program Files\Java\jdk1.7.0_51
PATH=D:/Program Files/Java/jdk1.7.0_51/bin/../jre/bin/client;D:/Program Files/Java/jdk1.7.0_51/bin/../jre/bin;D:/Program Files/Java/jdk1.7.0_51/bin/../jre/lib/i386;D:\Program Files\MySQL\MySQL Server 5.5\bin;D:\Program Files\Java\jdk1.7.0_51\bin;D:\adt-bundle-windows-x86-20131030\sdk\platform-tools;C:\Program Files\AMD APP\bin\x86;C:\windows\system32;C:\windows;C:\windows\System32\Wbem;C:\windows\System32\WindowsPowerShell\v1.0\;C:\Program Files\ATI Technologies\ATI.ACE\Core-Static;D:\eclipse-jee-kepler-SR1-win32\eclipse;
USERNAME=fengchao
OS=Windows_NT
PROCESSOR_IDENTIFIER=x86 Family 6 Model 23 Stepping 10, GenuineIntel



---------------  S Y S T E M  ---------------

OS: Windows 7 Build 7601 Service Pack 1

CPU:total 2 (2 cores per cpu, 1 threads per core) family 6 model 23 stepping 10, cmov, cx8, fxsr, mmx, sse, sse2, sse3, ssse3, tsc

Memory: 4k page, physical 3407096k(911640k free), swap 6812440k(3217900k free)

vm_info: Java HotSpot(TM) Client VM (24.51-b03) for windows-x86 JRE (1.7.0_51-b13), built on Dec 18 2013 19:09:58 by "java_re" with unknown MS VC++:1600

time: Sat Mar 08 10:44:02 2014
elapsed time: 0 seconds

